<?xml version="1.0" encoding="utf-8"?><testsuites name="pytest tests"><testsuite name="pytest" errors="0" failures="0" skipped="0" tests="10" time="0.027" timestamp="2025-09-09T23:24:43.137571+00:00" hostname="runnervmf4ws1"><testcase classname="tests.test_calculator" name="test_addition" time="0.001" /><testcase classname="tests.test_calculator" name="test_subtraction" time="0.000" /><testcase classname="tests.test_calculator" name="test_multiplication" time="0.000" /><testcase classname="tests.test_calculator" name="test_division" time="0.000" /><testcase classname="tests.test_calculator" name="test_power" time="0.000" /><testcase classname="tests.test_calculator" name="test_modulo" time="0.000" /><testcase classname="tests.test_calculator" name="test_absolute" time="0.000" /><testcase classname="tests.test_calculator" name="test_square_root" time="0.000" /><testcase classname="tests.test_calculator" name="test_factorial" time="0.000" /><testcase classname="tests.test_calculator" name="test_max_of_two" time="0.000" /></testsuite></testsuites>